Arguments: 
  D:\program\node.exe C:\Users\ihell\AppData\Roaming\npm\node_modules\yarn\bin\yarn.js init

PATH: 
  C:\Program Files\NVIDIA GPU Computing Toolkit\CUDA\v9.0\bin;C:\Program Files\NVIDIA GPU Computing Toolkit\CUDA\v9.0\libnvvp;C:\ProgramData\Oracle\Java\javapath;C:\Program Files\NVIDIA GPU Computing Toolkit\CUDA\v8.0\bin;C:\Program Files\NVIDIA GPU Computing Toolkit\CUDA\v8.0\libnvvp;C:\Windows\system32;C:\Windows;C:\Windows\System32\Wbem;C:\Windows\System32\WindowsPowerShell\v1.0\;C:\Users\ihell\.dnx\bin;C:\Program Files\Microsoft DNX\Dnvm\;C:\Program Files\Microsoft SQL Server\130\Tools\Binn\;C:\Program Files (x86)\NVIDIA Corporation\PhysX\Common;C:\Program Files\MySQL\MySQL Utilities 1.6\;C:\Program Files\Java\jdk-9.0.1\bin;D:\program\gitbash\Git\cmd;D:\program\wamp\php;C:\ProgramData\ComposerSetup\bin;D:\program\hplr\strawberry-perl\perl\bin;C:\WINDOWS\system32;C:\WINDOWS;C:\WINDOWS\System32\Wbem;C:\WINDOWS\System32\WindowsPowerShell\v1.0\;D:\program\;C:\Users\ihell\AppData\Local\Programs\Python\Python36-32;C:\Users\ihell\AppData\Local\Programs\Python\Python36-32\Scripts;C:\Program Files\dotnet\;C:\Program Files\NVIDIA GPU Computing Toolkit\CUDA\v8.0\bin;D:\dev\scala\bin;C:\Users\ihell\AppData\Local\Microsoft\WindowsApps;C:\Users\ihell\AppData\Local\GitHubDesktop\bin;C:\Users\ihell\AppData\Roaming\Composer\vendor\bin;C:\Program Files\MongoDB\Server\3.6\bin;C:\Users\ihell\AppData\Local\Microsoft\WindowsApps;C:\Users\ihell\AppData\Roaming\npm;D:\program\vscode\bin;C:\Users\ihell\AppData\Local\Programs\Python\Python35\Scripts;C:\Users\ihell\AppData\Local\Programs\Python\Python35;C:\Users\ihell\Anaconda3\Scripts;C:\Program Files\NVIDIA GPU Computing Toolkit\CUDA\v8.0\bin;C:\Users\ihell\Downloads\cudnn-9.0-windows10-x64-v7\cuda\bin;C:\Program Files\Java\jdk1.8.0_161\;C:\Users\ihell\AppData\Local\Programs\Python\Python35\python.EXE;

Yarn version: 
  1.3.2

Node version: 
  8.9.4

Platform: 
  win32 x64

npm manifest: 
  No manifest

yarn manifest: 
  No manifest

Lockfile: 
  No lockfile

Trace: 
  Error: canceled
      at Interface.<anonymous> (C:\Users\ihell\AppData\Roaming\npm\node_modules\yarn\lib\cli.js:121045:13)
      at emitNone (events.js:106:13)
      at Interface.emit (events.js:208:7)
      at Interface._ttyWrite (readline.js:775:16)
      at ReadStream.onkeypress (readline.js:160:10)
      at emitTwo (events.js:126:13)
      at ReadStream.emit (events.js:214:7)
      at emitKeys (internal/readline.js:420:14)
      at emitKeys.next (<anonymous>)
      at ReadStream.onData (readline.js:1011:36)
